<?xml version="1.0" encoding="UTF-8"?>
<!-- Generated by org.testng.reporters.JUnitXMLReporter -->
<testsuite ignored="0" hostname="mavdesk" failures="0" tests="2" name="Error Validations Test" time="6.307" errors="0" timestamp="2025-08-21T19:47:54 IST">
  <testcase classname="harshsingh.tests.ErrorValidationsTest" name="LoginErrorValidation" time="1.04"/>
  <testcase classname="harshsingh.tests.ErrorValidationsTest" name="ProductErrorValidation" time="1.208"/>
</testsuite> <!-- Error Validations Test -->
